Sun Jul 18 19:00:30 2010: ---- begin
Sun Jul 18 19:00:41 2010: _site/printed.html:36: error: Unexpected end tag : div
Sun Jul 18 19:00:41 2010: /css/printed-pdf.css: warning: can't open input file: No such file or directory
Sun Jul 18 19:00:41 2010: /css/blackboard.css: warning: can't open input file: No such file or directory
Sun Jul 18 19:00:41 2010: /css/blueprint/print.css: warning: can't open input file: No such file or directory
Sun Jul 18 19:00:41 2010: /css/printed-pdf.css: warning: can't open input file: No such file or directory
Sun Jul 18 19:00:41 2010: /css/blackboard.css: warning: can't open input file: No such file or directory
Sun Jul 18 19:00:41 2010: /css/blueprint/print.css: warning: can't open input file: No such file or directory
Sun Jul 18 19:00:41 2010: /css/printed-pdf.css: warning: can't open input file: No such file or directory
Sun Jul 18 19:00:41 2010: /css/blackboard.css: warning: can't open input file: No such file or directory
Sun Jul 18 19:00:41 2010: /css/blueprint/print.css: warning: can't open input file: No such file or directory
Sun Jul 18 19:00:42 2010: ---- end
Mon Jul 19 08:45:21 2010: ---- begin
Mon Jul 19 08:45:22 2010: _site/printed.html:36: error: Unexpected end tag : div
Mon Jul 19 08:45:22 2010: /css/printed-pdf.css: warning: can't open input file: No such file or directory
Mon Jul 19 08:45:22 2010: /css/blackboard.css: warning: can't open input file: No such file or directory
Mon Jul 19 08:45:22 2010: /css/blueprint/print.css: warning: can't open input file: No such file or directory
Mon Jul 19 08:45:22 2010: /css/printed-pdf.css: warning: can't open input file: No such file or directory
Mon Jul 19 08:45:22 2010: /css/blackboard.css: warning: can't open input file: No such file or directory
Mon Jul 19 08:45:22 2010: /css/blueprint/print.css: warning: can't open input file: No such file or directory
Mon Jul 19 08:45:22 2010: /css/printed-pdf.css: warning: can't open input file: No such file or directory
Mon Jul 19 08:45:22 2010: /css/blackboard.css: warning: can't open input file: No such file or directory
Mon Jul 19 08:45:22 2010: /css/blueprint/print.css: warning: can't open input file: No such file or directory
Mon Jul 19 08:45:23 2010: ---- end
Mon Jul 19 12:10:11 2010: ---- begin
Mon Jul 19 12:10:12 2010: /css/printed-pdf.css: warning: can't open input file: No such file or directory
Mon Jul 19 12:10:12 2010: /css/blackboard.css: warning: can't open input file: No such file or directory
Mon Jul 19 12:10:12 2010: /css/blueprint/print.css: warning: can't open input file: No such file or directory
Mon Jul 19 12:10:12 2010: /css/printed-pdf.css: warning: can't open input file: No such file or directory
Mon Jul 19 12:10:12 2010: /css/blackboard.css: warning: can't open input file: No such file or directory
Mon Jul 19 12:10:12 2010: /css/blueprint/print.css: warning: can't open input file: No such file or directory
Mon Jul 19 12:10:12 2010: /css/printed-pdf.css: warning: can't open input file: No such file or directory
Mon Jul 19 12:10:12 2010: /css/blackboard.css: warning: can't open input file: No such file or directory
Mon Jul 19 12:10:12 2010: /css/blueprint/print.css: warning: can't open input file: No such file or directory
Mon Jul 19 12:10:14 2010: ---- end
Mon Jul 19 12:13:59 2010: ---- begin
Mon Jul 19 12:13:59 2010: /css/printed-pdf.css: warning: can't open input file: No such file or directory
Mon Jul 19 12:13:59 2010: /css/blackboard.css: warning: can't open input file: No such file or directory
Mon Jul 19 12:13:59 2010: /css/blueprint/print.css: warning: can't open input file: No such file or directory
Mon Jul 19 12:13:59 2010: /css/printed-pdf.css: warning: can't open input file: No such file or directory
Mon Jul 19 12:13:59 2010: /css/blackboard.css: warning: can't open input file: No such file or directory
Mon Jul 19 12:13:59 2010: /css/blueprint/print.css: warning: can't open input file: No such file or directory
Mon Jul 19 12:13:59 2010: /css/printed-pdf.css: warning: can't open input file: No such file or directory
Mon Jul 19 12:13:59 2010: /css/blackboard.css: warning: can't open input file: No such file or directory
Mon Jul 19 12:13:59 2010: /css/blueprint/print.css: warning: can't open input file: No such file or directory
Mon Jul 19 12:14:00 2010: ---- end
Mon Jul 19 12:18:01 2010: ---- begin
Mon Jul 19 12:18:02 2010: ---- end
Mon Jul 19 12:20:42 2010: ---- begin
Mon Jul 19 12:20:43 2010: ---- end
Mon Jul 19 12:23:44 2010: ---- begin
Mon Jul 19 12:23:45 2010: ---- end
Mon Jul 19 12:25:42 2010: ---- begin
Mon Jul 19 12:25:44 2010: ---- end
Mon Jul 19 14:39:56 2010: ---- begin
Mon Jul 19 14:39:59 2010: ---- end
Mon Jul 19 14:47:50 2010: ---- begin
Mon Jul 19 14:47:51 2010: ---- end
Mon Jul 19 14:58:12 2010: ---- begin
Mon Jul 19 14:58:14 2010: ---- end
Mon Jul 19 15:00:21 2010: ---- begin
Mon Jul 19 15:00:22 2010: ---- end
